Build started 23/01/2014 02:49:19 م.
     1>Project "C:\Users\manosha\Documents\Visual Studio 2010\Projects\Assembler\Assembler\Assembler.vcxproj" on node 2 (build target(s)).
     1>InitializeBuildStatus:
         Creating "Debug\Assembler.unsuccessfulbuild" because "AlwaysCreate" was specified.
       ClCompile:
         D:\Program Files (x86)\Microsoft Visual Studio 10.0\VC\bin\CL.exe /c /ZI /nologo /W3 /WX- /Od /Oy- /D WIN32 /D _DEBUG /D _CONSOLE /D _UNICODE /D UNICODE /Gm /EHsc /RTC1 /MDd /GS /fp:precise /Zc:wchar_t /Zc:forScope /Fo"Debug\\" /Fd"Debug\vc100.pdb" /Gd /TP /analyze- /errorReport:prompt Mano.cpp
         Mano.cpp
     1>c:\users\manosha\documents\visual studio 2010\projects\assembler\assembler\mano.cpp(89): warning C4018: '<' : signed/unsigned mismatch
     1>c:\users\manosha\documents\visual studio 2010\projects\assembler\assembler\mano.cpp(119): warning C4018: '<' : signed/unsigned mismatch
     1>c:\users\manosha\documents\visual studio 2010\projects\assembler\assembler\mano.cpp(185): warning C4018: '<=' : signed/unsigned mismatch
     1>c:\users\manosha\documents\visual studio 2010\projects\assembler\assembler\mano.cpp(200): warning C4996: 'freopen': This function or variable may be unsafe. Consider using freopen_s instead. To disable deprecation, use _CRT_SECURE_NO_WARNINGS. See online help for details.
                 d:\program files (x86)\microsoft visual studio 10.0\vc\include\stdio.h(249) : see declaration of 'freopen'
     1>c:\users\manosha\documents\visual studio 2010\projects\assembler\assembler\mano.cpp(296): warning C4018: '<' : signed/unsigned mismatch
       ManifestResourceCompile:
         All outputs are up-to-date.
       Link:
         D:\Program Files (x86)\Microsoft Visual Studio 10.0\VC\bin\link.exe /ERRORREPORT:PROMPT /OUT:"C:\Users\manosha\Documents\Visual Studio 2010\Projects\Assembler\Debug\Assembler.exe" /INCREMENTAL /NOLOGO kernel32.lib user32.lib gdi32.lib winspool.lib comdlg32.lib advapi32.lib shell32.lib ole32.lib oleaut32.lib uuid.lib odbc32.lib odbccp32.lib /MANIFEST /ManifestFile:"Debug\Assembler.exe.intermediate.manifest" /MANIFESTUAC:"level='asInvoker' uiAccess='false'" /DEBUG /PDB:"C:\Users\manosha\Documents\Visual Studio 2010\Projects\Assembler\Debug\Assembler.pdb" /SUBSYSTEM:CONSOLE /TLBID:1 /DYNAMICBASE /NXCOMPAT /IMPLIB:"C:\Users\manosha\Documents\Visual Studio 2010\Projects\Assembler\Debug\Assembler.lib" /MACHINE:X86 Debug\Assembler.exe.embed.manifest.res
         Debug\Mano.obj
       Manifest:
         C:\Program Files (x86)\Microsoft SDKs\Windows\v7.0A\bin\mt.exe /nologo /verbose /out:"Debug\Assembler.exe.embed.manifest" /manifest Debug\Assembler.exe.intermediate.manifest
         All outputs are up-to-date.
       LinkEmbedManifest:
         All outputs are up-to-date.
         Assembler.vcxproj -> C:\Users\manosha\Documents\Visual Studio 2010\Projects\Assembler\Debug\Assembler.exe
       FinalizeBuildStatus:
         Deleting file "Debug\Assembler.unsuccessfulbuild".
         Touching "Debug\Assembler.lastbuildstate".
     1>Done Building Project "C:\Users\manosha\Documents\Visual Studio 2010\Projects\Assembler\Assembler\Assembler.vcxproj" (build target(s)).

Build succeeded.

Time Elapsed 00:00:01.94
